c:\hlocal\eda\eda-2\eda-2\tema9\debug\vc141.pdb
c:\hlocal\eda\eda-2\eda-2\tema9\debug\vc141.idb
c:\hlocal\eda\eda-2\eda-2\tema9\debug\arbolbincpp.obj
c:\hlocal\eda\eda-2\eda-2\tema9\debug\main.obj
c:\hlocal\eda\eda-2\eda-2\tema9\debug\tema09-01.obj
c:\hlocal\eda\eda-2\eda-2\tema9\debug\tema09-04.obj
c:\hlocal\eda\eda-2\eda-2\tema9\debug\tema09-08.obj
c:\hlocal\eda\eda-2\eda-2\tema9\debug\tema09-10.obj
c:\hlocal\eda\eda-2\eda-2\debug\tema9.ilk
c:\hlocal\eda\eda-2\eda-2\debug\tema9.exe
c:\hlocal\eda\eda-2\eda-2\debug\tema9.pdb
c:\hlocal\eda\eda-2\eda-2\tema9\debug\tema09-04.obj.enc
c:\hlocal\eda\eda-2\eda-2\tema9\debug\tema09-08.obj.enc
c:\hlocal\eda\eda-2\eda-2\tema9\debug\tema09-10.obj.enc
c:\hlocal\eda\eda-2\eda-2\tema9\debug\tema9.tlog\cl.command.1.tlog
c:\hlocal\eda\eda-2\eda-2\tema9\debug\tema9.tlog\cl.read.1.tlog
c:\hlocal\eda\eda-2\eda-2\tema9\debug\tema9.tlog\cl.write.1.tlog
c:\hlocal\eda\eda-2\eda-2\tema9\debug\tema9.tlog\link.command.1.tlog
c:\hlocal\eda\eda-2\eda-2\tema9\debug\tema9.tlog\link.read.1.tlog
c:\hlocal\eda\eda-2\eda-2\tema9\debug\tema9.tlog\link.write.1.tlog
